<?xml version="1.0" encoding="UTF-8"?>
<!-- Generated by org.testng.reporters.JUnitReportReporter -->
<testsuite hostname="LAPTOP-A8TD0T6S" failures="0" tests="1" name="amzPacakge.AmazonProject.TestCase_02_Add_To_Cart" time="29.406" errors="0" timestamp="2025-07-15T21:41:09 IST" skipped="0">
  <testcase classname="amzPacakge.AmazonProject.TestCase_02_Add_To_Cart" name="AddTocart" time="29.406"/>
</testsuite> <!-- amzPacakge.AmazonProject.TestCase_02_Add_To_Cart -->
