<?xml version="1.0" encoding="UTF-8"?>
<!-- Generated by org.testng.reporters.JUnitReportReporter -->
<testsuite hostname="LAPTOP-A8TD0T6S" failures="0" tests="1" name="amzPacakge.AmazonProject.TestCase_02_Add_To_Cart" time="30.975" errors="0" timestamp="2025-07-02T21:43:24 IST" skipped="0">
  <testcase classname="amzPacakge.AmazonProject.TestCase_02_Add_To_Cart" name="AddTocart" time="30.975"/>
</testsuite> <!-- amzPacakge.AmazonProject.TestCase_02_Add_To_Cart -->
