<?xml version="1.0" encoding="UTF-8"?>
<!-- Generated by org.testng.reporters.JUnitReportReporter -->
<testsuite hostname="LAPTOP-A8TD0T6S" failures="0" tests="1" name="amzPacakge.AmazonProject.TestCase_03_Add_To_WishList" time="29.977" errors="0" timestamp="2025-06-23T23:26:09 IST" skipped="0">
  <testcase classname="amzPacakge.AmazonProject.TestCase_03_Add_To_WishList" name="AddTocart" time="29.977"/>
</testsuite> <!-- amzPacakge.AmazonProject.TestCase_03_Add_To_WishList -->
