<?xml version="1.0" encoding="UTF-8"?>
<!-- Generated by org.testng.reporters.JUnitReportReporter -->
<testsuite hostname="LAPTOP-A8TD0T6S" failures="0" tests="1" name="amzPacakge.AmazonProject.Testcase_01_LoginToAmazon_Logout" time="21.658" errors="0" timestamp="2025-06-23T23:26:09 IST" skipped="0">
  <testcase classname="amzPacakge.AmazonProject.Testcase_01_LoginToAmazon_Logout" name="logginwithValidCredentils" time="21.658"/>
</testsuite> <!-- amzPacakge.AmazonProject.Testcase_01_LoginToAmazon_Logout -->
