<?xml version="1.0" encoding="UTF-8"?>
<!-- Generated by org.testng.reporters.JUnitReportReporter -->
<testsuite hostname="LAPTOP-A8TD0T6S" failures="0" tests="1" name="amzPacakge.AmazonProject.TestCase_03_Add_To_WishList" time="31.409" errors="0" timestamp="2025-07-02T21:17:28 IST" skipped="0">
  <testcase classname="amzPacakge.AmazonProject.TestCase_03_Add_To_WishList" name="AddTocart" time="31.409"/>
</testsuite> <!-- amzPacakge.AmazonProject.TestCase_03_Add_To_WishList -->
