<?xml version="1.0" encoding="UTF-8"?>
<!-- Generated by org.testng.reporters.JUnitReportReporter -->
<testsuite hostname="LAPTOP-A8TD0T6S" failures="0" tests="1" name="amzPacakge.AmazonProject.Testcase_01_LoginToAmazon_Logout" time="22.433" errors="0" timestamp="2025-07-02T21:17:28 IST" skipped="0">
  <testcase classname="amzPacakge.AmazonProject.Testcase_01_LoginToAmazon_Logout" name="logginwithValidCredentils" time="22.433"/>
</testsuite> <!-- amzPacakge.AmazonProject.Testcase_01_LoginToAmazon_Logout -->
