<?xml version="1.0" encoding="UTF-8"?>
<!-- Generated by org.testng.reporters.JUnitReportReporter -->
<testsuite hostname="LAPTOP-A8TD0T6S" failures="0" tests="1" name="amzPacakge.AmazonProject.Testcase_01_LoginToAmazon_Logout" time="21.581" errors="0" timestamp="2025-07-15T22:07:34 IST" skipped="0">
  <testcase classname="amzPacakge.AmazonProject.Testcase_01_LoginToAmazon_Logout" name="logginwithValidCredentils" time="21.581"/>
</testsuite> <!-- amzPacakge.AmazonProject.Testcase_01_LoginToAmazon_Logout -->
